<?xml version="1.0" encoding="UTF-8"?>
<!-- Generated by org.testng.reporters.JUnitReportReporter -->
<testsuite skipped="0" hostname="hostDEV" name="com.crm.qa.testcases.HomePageTest" tests="3" failures="0" timestamp="02 Aug 2018 20:13:01 GMT" time="49.760" errors="0">
  <testcase name="verifyContactLinkTest" time="15.144" classname="com.crm.qa.testcases.HomePageTest"/>
  <testcase name="verifyHomePageTitleTest" time="15.545" classname="com.crm.qa.testcases.HomePageTest"/>
  <testcase name="verifyUserNameTest" time="19.071" classname="com.crm.qa.testcases.HomePageTest"/>
</testsuite> <!-- com.crm.qa.testcases.HomePageTest -->
