<?xml version="1.0" encoding="UTF-8"?>
<!-- Generated by org.testng.reporters.JUnitReportReporter -->
<testsuite skipped="0" hostname="hostDEV" name="com.crm.qa.testcases.ContactsPageTest" tests="7" failures="0" timestamp="14 Jul 2018 18:56:12 GMT" time="134.282" errors="0">
  <testcase name="verifyAddNewContactTest" time="18.283" classname="com.crm.qa.testcases.ContactsPageTest"/>
  <testcase name="verifyAddNewContactTest" time="25.511" classname="com.crm.qa.testcases.ContactsPageTest"/>
  <testcase name="verifyAddNewContactTest" time="17.004" classname="com.crm.qa.testcases.ContactsPageTest"/>
  <testcase name="verifyAddNewContactTest" time="24.983" classname="com.crm.qa.testcases.ContactsPageTest"/>
  <testcase name="verifyContactLabelTest" time="13.452" classname="com.crm.qa.testcases.ContactsPageTest"/>
  <testcase name="verifyselectSingleContactByNameTest" time="14.958" classname="com.crm.qa.testcases.ContactsPageTest"/>
  <testcase name="verifyselectMultipleContactByNameTest" time="20.091" classname="com.crm.qa.testcases.ContactsPageTest"/>
</testsuite> <!-- com.crm.qa.testcases.ContactsPageTest -->
