<?xml version="1.0" encoding="UTF-8"?>
<!-- Generated by org.testng.reporters.JUnitReportReporter -->
<testsuite skipped="0" hostname="hostDEV" name="com.crm.qa.testcases.HomePageTest" tests="3" failures="0" timestamp="03 Aug 2018 03:06:30 GMT" time="44.317" errors="0">
  <testcase name="verifyContactLinkTest" time="17.908" classname="com.crm.qa.testcases.HomePageTest"/>
  <testcase name="verifyHomePageTitleTest" time="12.539" classname="com.crm.qa.testcases.HomePageTest"/>
  <testcase name="verifyUserNameTest" time="13.870" classname="com.crm.qa.testcases.HomePageTest"/>
</testsuite> <!-- com.crm.qa.testcases.HomePageTest -->
