<?xml version="1.0" encoding="UTF-8"?>
<!-- Generated by org.testng.reporters.JUnitReportReporter -->
<testsuite skipped="0" hostname="hostDEV" name="com.crm.qa.testcases.HomePageTest" tests="3" failures="0" timestamp="14 Jul 2018 18:56:12 GMT" time="41.030" errors="0">
  <testcase name="verifyContactLinkTest" time="15.858" classname="com.crm.qa.testcases.HomePageTest"/>
  <testcase name="verifyHomePageTitleTest" time="13.570" classname="com.crm.qa.testcases.HomePageTest"/>
  <testcase name="verifyUserNameTest" time="11.602" classname="com.crm.qa.testcases.HomePageTest"/>
</testsuite> <!-- com.crm.qa.testcases.HomePageTest -->
