<?xml version="1.0" encoding="UTF-8"?>
<!-- Generated by org.testng.reporters.JUnitReportReporter -->
<testsuite skipped="0" hostname="hostDEV" name="com.crm.qa.testcases.LoginPageTest" tests="3" failures="0" timestamp="14 Jul 2018 18:56:12 GMT" time="39.479" errors="0">
  <testcase name="loginPageTitleTest" time="7.094" classname="com.crm.qa.testcases.LoginPageTest"/>
  <testcase name="loginpageLogoTest" time="15.632" classname="com.crm.qa.testcases.LoginPageTest"/>
  <testcase name="logInTest" time="16.753" classname="com.crm.qa.testcases.LoginPageTest"/>
</testsuite> <!-- com.crm.qa.testcases.LoginPageTest -->
