<?xml version="1.0" encoding="UTF-8"?>
<!-- Generated by org.testng.reporters.JUnitReportReporter -->
<testsuite skipped="0" hostname="hostDEV" name="com.crm.qa.testcases.ContactsPageTest" tests="7" failures="0" timestamp="03 Aug 2018 03:06:30 GMT" time="121.030" errors="0">
  <testcase name="verifyAddNewContactTest" time="20.063" classname="com.crm.qa.testcases.ContactsPageTest"/>
  <testcase name="verifyAddNewContactTest" time="20.722" classname="com.crm.qa.testcases.ContactsPageTest"/>
  <testcase name="verifyAddNewContactTest" time="17.092" classname="com.crm.qa.testcases.ContactsPageTest"/>
  <testcase name="verifyAddNewContactTest" time="18.635" classname="com.crm.qa.testcases.ContactsPageTest"/>
  <testcase name="verifyContactLabelTest" time="13.899" classname="com.crm.qa.testcases.ContactsPageTest"/>
  <testcase name="verifyselectSingleContactByNameTest" time="15.907" classname="com.crm.qa.testcases.ContactsPageTest"/>
  <testcase name="verifyselectMultipleContactByNameTest" time="14.712" classname="com.crm.qa.testcases.ContactsPageTest"/>
</testsuite> <!-- com.crm.qa.testcases.ContactsPageTest -->
