<?xml version="1.0" encoding="UTF-8"?>
<!-- Generated by org.testng.reporters.JUnitReportReporter -->
<testsuite hostname="hostDEV" name="com.crm.qa.testcases.ContactsPageTest" tests="7" failures="0" timestamp="2 Aug 2018 20:42:14 GMT" time="139.198" errors="0">
  <testcase name="verifyAddNewContactTest" time="34.368" classname="com.crm.qa.testcases.ContactsPageTest"/>
  <testcase name="verifyAddNewContactTest" time="17.742" classname="com.crm.qa.testcases.ContactsPageTest"/>
  <testcase name="verifyAddNewContactTest" time="15.039" classname="com.crm.qa.testcases.ContactsPageTest"/>
  <testcase name="verifyselectSingleContactByNameTest" time="21.051" classname="com.crm.qa.testcases.ContactsPageTest"/>
  <testcase name="verifyAddNewContactTest" time="18.054" classname="com.crm.qa.testcases.ContactsPageTest"/>
  <testcase name="verifyContactLabelTest" time="12.241" classname="com.crm.qa.testcases.ContactsPageTest"/>
  <testcase name="verifyselectMultipleContactByNameTest" time="20.703" classname="com.crm.qa.testcases.ContactsPageTest"/>
</testsuite> <!-- com.crm.qa.testcases.ContactsPageTest -->
