<?xml version="1.0" encoding="UTF-8"?>
<!-- Generated by org.testng.reporters.JUnitReportReporter -->
<testsuite hostname="hostDEV" name="com.crm.qa.testcases.HomePageTest" tests="3" failures="0" timestamp="2 Aug 2018 20:42:14 GMT" time="43.031" errors="0">
  <testcase name="verifyUserNameTest" time="15.306" classname="com.crm.qa.testcases.HomePageTest"/>
  <testcase name="verifyHomePageTitleTest" time="15.033" classname="com.crm.qa.testcases.HomePageTest"/>
  <testcase name="verifyContactLinkTest" time="12.692" classname="com.crm.qa.testcases.HomePageTest"/>
</testsuite> <!-- com.crm.qa.testcases.HomePageTest -->
